=======================
Loading Julia Module...
=======================
====================================================================================


Setting stack size to unlimited...
core file size          (blocks, -c) 0
data seg size           (kbytes, -d) unlimited
scheduling priority             (-e) 0
file size               (blocks, -f) unlimited
pending signals                 (-i) 2061392
max locked memory       (kbytes, -l) unlimited
max memory size         (kbytes, -m) 102400000
open files                      (-n) 51200
pipe size            (512 bytes, -p) 8
POSIX message queues     (bytes, -q) 819200
real-time priority              (-r) 0
stack size              (kbytes, -s) unlimited
cpu time               (seconds, -t) unlimited
max user processes              (-u) 4096
virtual memory          (kbytes, -v) unlimited
file locks                      (-x) unlimited

Running JULIA command...
===========================
[ Info: Loading MNIST...
true
initializing the network
network defined
deep_network created
NpS: [100]
Strides: [2]
Distances: [4]
Lateral Distances: [0]
gamma : 0
tanh_factor : 1
DONE
train_score
1.0
train_error
0.0
test_score
0.9821
test_error
0.017900000000000027

N_m
60000

RTC exited with return code: 0
