====================================================================================


Setting stack size to unlimited...
core file size          (blocks, -c) 0
data seg size           (kbytes, -d) unlimited
scheduling priority             (-e) 0
file size               (blocks, -f) unlimited
pending signals                 (-i) 514842
max locked memory       (kbytes, -l) unlimited
max memory size         (kbytes, -m) 51200000
open files                      (-n) 51200
pipe size            (512 bytes, -p) 8
POSIX message queues     (bytes, -q) 819200
real-time priority              (-r) 0
stack size              (kbytes, -s) unlimited
cpu time               (seconds, -t) unlimited
max user processes              (-u) 4096
virtual memory          (kbytes, -v) unlimited
file locks                      (-x) unlimited

Running JULIA command...
===========================
[ Info: Loading MNIST...
true
initializing the network
network defined
deep_network created
NpS: [16]
Strides: [2]
Distances: [4]
Lateral Distances: [0]
gamma : 0
tanh_factor : 1

Epoch: 1
Conversion: 1.0
Current Learning Rate: 0.005


Epoch: 2
Conversion: 1.0
Current Learning Rate: 0.0033333333333333335


Epoch: 3
Conversion: 1.0
Current Learning Rate: 0.0025


Epoch: 4
Conversion: 1.0
Current Learning Rate: 0.002


Epoch: 5
Conversion: 1.0
Current Learning Rate: 0.0016666666666666668


Epoch: 6
Conversion: 1.0
Current Learning Rate: 0.0014285714285714286


Epoch: 7
Conversion: 1.0
Current Learning Rate: 0.00125


Epoch: 8
Conversion: 1.0
Current Learning Rate: 0.0011111111111111111


Epoch: 9
Conversion: 1.0
Current Learning Rate: 0.001


Epoch: 10
Conversion: 1.0
Current Learning Rate: 0.0009090909090909091


Epoch: 11
Conversion: 1.0
Current Learning Rate: 0.0008333333333333334


Epoch: 12
Conversion: 1.0
Current Learning Rate: 0.0007692307692307692


Epoch: 13
Conversion: 1.0
Current Learning Rate: 0.0007142857142857143


Epoch: 14
Conversion: 1.0
Current Learning Rate: 0.0006666666666666666


Epoch: 15
Conversion: 1.0
Current Learning Rate: 0.000625


Epoch: 16
Conversion: 1.0
Current Learning Rate: 0.0005882352941176471


Epoch: 17
Conversion: 1.0
Current Learning Rate: 0.0005555555555555556


Epoch: 18
Conversion: 1.0
Current Learning Rate: 0.0005263157894736842


Epoch: 19
Conversion: 1.0
Current Learning Rate: 0.0005


Epoch: 20
Conversion: 1.0
Current Learning Rate: 0.0004761904761904762


Epoch: 21
Conversion: 1.0
Current Learning Rate: 0.00045454545454545455


Epoch: 22
Conversion: 1.0
Current Learning Rate: 0.0004347826086956522


Epoch: 23
Conversion: 1.0
Current Learning Rate: 0.0004166666666666667


Epoch: 24
Conversion: 1.0
Current Learning Rate: 0.0004


Epoch: 25
Conversion: 1.0
Current Learning Rate: 0.0003846153846153846


Epoch: 26
Conversion: 1.0
Current Learning Rate: 0.00037037037037037035


Epoch: 27
Conversion: 1.0
Current Learning Rate: 0.00035714285714285714


Epoch: 28
Conversion: 1.0
Current Learning Rate: 0.0003448275862068966


Epoch: 29
Conversion: 1.0
Current Learning Rate: 0.0003333333333333333


Epoch: 30
Conversion: 1.0
Current Learning Rate: 0.0003225806451612903


Epoch: 31
Conversion: 1.0
Current Learning Rate: 0.0003125


Epoch: 32
Conversion: 1.0
Current Learning Rate: 0.00030303030303030303


Epoch: 33
Conversion: 1.0
Current Learning Rate: 0.00029411764705882356


Epoch: 34
Conversion: 1.0
Current Learning Rate: 0.00028571428571428574


Epoch: 35
Conversion: 1.0
Current Learning Rate: 0.0002777777777777778


Epoch: 36
Conversion: 1.0
Current Learning Rate: 0.0002702702702702703


Epoch: 37
Conversion: 1.0
Current Learning Rate: 0.0002631578947368421


Epoch: 38
Conversion: 1.0
Current Learning Rate: 0.0002564102564102564


Epoch: 39
Conversion: 1.0
Current Learning Rate: 0.00025


Epoch: 40
Conversion: 1.0
Current Learning Rate: 0.00024390243902439024


Epoch: 41
Conversion: 1.0
Current Learning Rate: 0.0002380952380952381


Epoch: 42
Conversion: 1.0
Current Learning Rate: 0.00023255813953488373


Epoch: 43
Conversion: 1.0
Current Learning Rate: 0.00022727272727272727


Epoch: 44
Conversion: 1.0
Current Learning Rate: 0.00022222222222222223


Epoch: 45
Conversion: 1.0
Current Learning Rate: 0.0002173913043478261


Epoch: 46
Conversion: 1.0
Current Learning Rate: 0.0002127659574468085


Epoch: 47
Conversion: 1.0
Current Learning Rate: 0.00020833333333333335


Epoch: 48
Conversion: 1.0
Current Learning Rate: 0.00020408163265306123


Epoch: 49
Conversion: 1.0
Current Learning Rate: 0.0002


Epoch: 50
Conversion: 1.0
Current Learning Rate: 0.000196078431372549


Epoch: 51
Conversion: 1.0
Current Learning Rate: 0.0001923076923076923


Epoch: 52
Conversion: 1.0
Current Learning Rate: 0.00018867924528301886


Epoch: 53
Conversion: 1.0
Current Learning Rate: 0.00018518518518518518


Epoch: 54
Conversion: 1.0
Current Learning Rate: 0.00018181818181818183


Epoch: 55
Conversion: 1.0
Current Learning Rate: 0.00017857142857142857


Epoch: 56
Conversion: 1.0
Current Learning Rate: 0.00017543859649122808


Epoch: 57
Conversion: 1.0
Current Learning Rate: 0.0001724137931034483


Epoch: 58
Conversion: 1.0
Current Learning Rate: 0.00016949152542372882


Epoch: 59
Conversion: 1.0
Current Learning Rate: 0.00016666666666666666


Epoch: 60
Conversion: 1.0
Current Learning Rate: 0.0001639344262295082


Epoch: 61
Conversion: 1.0
Current Learning Rate: 0.00016129032258064516


Epoch: 62
Conversion: 1.0
Current Learning Rate: 0.00015873015873015873


Epoch: 63
Conversion: 1.0
Current Learning Rate: 0.00015625


Epoch: 64
Conversion: 1.0
Current Learning Rate: 0.00015384615384615385


Epoch: 65
Conversion: 1.0
Current Learning Rate: 0.00015151515151515152


Epoch: 66
Conversion: 1.0
Current Learning Rate: 0.00014925373134328358


Epoch: 67
Conversion: 1.0
Current Learning Rate: 0.00014705882352941178


Epoch: 68
Conversion: 1.0
Current Learning Rate: 0.00014492753623188405


Epoch: 69
Conversion: 1.0
Current Learning Rate: 0.00014285714285714287


Epoch: 70
Conversion: 1.0
Current Learning Rate: 0.00014084507042253522


Epoch: 71
Conversion: 1.0
Current Learning Rate: 0.0001388888888888889


Epoch: 72
Conversion: 1.0
Current Learning Rate: 0.000136986301369863


Epoch: 73
Conversion: 1.0
Current Learning Rate: 0.00013513513513513514


Epoch: 74
Conversion: 1.0
Current Learning Rate: 0.00013333333333333334


Epoch: 75
Conversion: 1.0
Current Learning Rate: 0.00013157894736842105


Epoch: 76
Conversion: 1.0
Current Learning Rate: 0.00012987012987012987


Epoch: 77
Conversion: 1.0
Current Learning Rate: 0.0001282051282051282


Epoch: 78
Conversion: 1.0
Current Learning Rate: 0.00012658227848101267


Epoch: 79
Conversion: 1.0
Current Learning Rate: 0.000125


Epoch: 80
Conversion: 1.0
Current Learning Rate: 0.0001234567901234568


Epoch: 81
Conversion: 1.0
Current Learning Rate: 0.00012195121951219512


Epoch: 82
Conversion: 1.0
Current Learning Rate: 0.00012048192771084338


Epoch: 83
Conversion: 1.0
Current Learning Rate: 0.00011904761904761905


Epoch: 84
Conversion: 1.0
Current Learning Rate: 0.00011764705882352942


Epoch: 85
Conversion: 1.0
Current Learning Rate: 0.00011627906976744187


Epoch: 86
Conversion: 1.0
Current Learning Rate: 0.00011494252873563218


Epoch: 87
Conversion: 1.0
Current Learning Rate: 0.00011363636363636364


Epoch: 88
Conversion: 1.0
Current Learning Rate: 0.00011235955056179776


Epoch: 89
Conversion: 1.0
Current Learning Rate: 0.00011111111111111112


Epoch: 90
Conversion: 1.0
Current Learning Rate: 0.00010989010989010989


Epoch: 91
Conversion: 1.0
Current Learning Rate: 0.00010869565217391305


Epoch: 92
Conversion: 1.0
Current Learning Rate: 0.00010752688172043011


Epoch: 93
Conversion: 1.0
Current Learning Rate: 0.00010638297872340425


Epoch: 94
Conversion: 1.0
Current Learning Rate: 0.00010526315789473685


Epoch: 95
Conversion: 1.0
Current Learning Rate: 0.00010416666666666667


Epoch: 96
Conversion: 1.0
Current Learning Rate: 0.00010309278350515464


Epoch: 97
Conversion: 1.0
Current Learning Rate: 0.00010204081632653062


Epoch: 98
Conversion: 1.0
Current Learning Rate: 0.00010101010101010101


Epoch: 99
Conversion: 1.0
Current Learning Rate: 0.0001


Epoch: 100
Conversion: 1.0
Current Learning Rate: 0.0001


Epoch: 101
Conversion: 1.0
Current Learning Rate: 0.0001


Epoch: 102
Conversion: 1.0
Current Learning Rate: 0.0001


Epoch: 103
Conversion: 1.0
Current Learning Rate: 0.0001


Epoch: 104
Conversion: 1.0
Current Learning Rate: 0.0001


Epoch: 105
Conversion: 1.0
Current Learning Rate: 0.0001


Epoch: 106
Conversion: 1.0
Current Learning Rate: 0.0001


Epoch: 107
Conversion: 1.0
Current Learning Rate: 0.0001


Epoch: 108
Conversion: 1.0
Current Learning Rate: 0.0001


Epoch: 109
Conversion: 1.0
Current Learning Rate: 0.0001


Epoch: 110
Conversion: 1.0
Current Learning Rate: 0.0001


Epoch: 111
Conversion: 1.0
Current Learning Rate: 0.0001


Epoch: 112
Conversion: 1.0
Current Learning Rate: 0.0001


Epoch: 113
Conversion: 1.0
Current Learning Rate: 0.0001


Epoch: 114
Conversion: 1.0
Current Learning Rate: 0.0001


Epoch: 115
Conversion: 1.0
Current Learning Rate: 0.0001


Epoch: 116
Conversion: 1.0
Current Learning Rate: 0.0001


Epoch: 117
Conversion: 1.0
Current Learning Rate: 0.0001


Epoch: 118
Conversion: 1.0
Current Learning Rate: 0.0001


Epoch: 119
Conversion: 1.0
Current Learning Rate: 0.0001


Epoch: 120
Conversion: 1.0
Current Learning Rate: 0.0001

DONE
1000
2000
3000
4000
5000
6000
7000
8000
9000
10000
11000
12000
13000
14000
15000
16000
17000
18000
19000
20000
21000
22000
23000
24000
25000
26000
27000
28000
29000
30000
31000
32000
33000
34000
35000
36000
37000
38000
39000
40000
41000
42000
43000
44000
45000
46000
47000
48000
49000
50000
51000
52000
53000
54000
55000
56000
57000
58000
59000
60000
1000
2000
3000
4000
5000
6000
7000
8000
9000
10000
train_score
0.99995
train_error
4.999999999999449e-5
test_score
0.9792
test_error
0.02080000000000004

RTC exited with return code: 0
