====================================================================================


Setting stack size to unlimited...
core file size          (blocks, -c) 0
data seg size           (kbytes, -d) unlimited
scheduling priority             (-e) 0
file size               (blocks, -f) unlimited
pending signals                 (-i) 2062727
max locked memory       (kbytes, -l) unlimited
max memory size         (kbytes, -m) 51200000
open files                      (-n) 51200
pipe size            (512 bytes, -p) 8
POSIX message queues     (bytes, -q) 819200
real-time priority              (-r) 0
stack size              (kbytes, -s) unlimited
cpu time               (seconds, -t) unlimited
max user processes              (-u) 4096
virtual memory          (kbytes, -v) unlimited
file locks                      (-x) unlimited

Running JULIA command...
===========================
[ Info: Loading MNIST...
true
initializing the network
network defined
deep_network created
NpS: [4]
Strides: [2]
Distances: [4]
Lateral Distances: [0]
gamma : 0
tanh_factor : 1
DONE
train_score
0.9918666666666667
train_error
0.008133333333333326
test_score
0.9656
test_error
0.034399999999999986

RTC exited with return code: 0
